2023-04-22 15:51:26.006  INFO 532 --- [restartedMain] com.javaclimb.houserent.Application      : Starting Application on DESKTOP-C3GB7GK with PID 532 (F:\code\houserent\target\classes started by 17309 in F:\code\houserent)
2023-04-22 15:51:26.022  INFO 532 --- [restartedMain] com.javaclimb.houserent.Application      : No active profile set, falling back to default profiles: default
2023-04-22 15:51:26.104  INFO 532 --- [restartedMain] .e.DevToolsPropertyDefaultsPostProcessor : Devtools property defaults active! Set 'spring.devtools.add-properties' to 'false' to disable
2023-04-22 15:51:26.104  INFO 532 --- [restartedMain] .e.DevToolsPropertyDefaultsPostProcessor : For additional web related logging consider setting the 'logging.level.web' property to 'DEBUG'
2023-04-22 15:51:26.613  WARN 532 --- [restartedMain] o.m.s.mapper.ClassPathMapperScanner      : No MyBatis mapper was found in '[com.example.ssm.rental.mapper]' package. Please check your configuration.
2023-04-22 15:51:27.383  INFO 532 --- [restartedMain] o.s.b.w.embedded.tomcat.TomcatWebServer  : Tomcat initialized with port(s): 9999 (http)
2023-04-22 15:51:27.409  INFO 532 --- [restartedMain] o.apache.catalina.core.StandardService   : Starting service [Tomcat]
2023-04-22 15:51:27.409  INFO 532 --- [restartedMain] org.apache.catalina.core.StandardEngine  : Starting Servlet engine: [Apache Tomcat/9.0.22]
2023-04-22 15:51:27.418  INFO 532 --- [restartedMain] o.a.catalina.core.AprLifecycleListener   : Loaded APR based Apache Tomcat Native library [2.0.3] using APR version [1.7.2].
2023-04-22 15:51:27.418  INFO 532 --- [restartedMain] o.a.catalina.core.AprLifecycleListener   : APR capabilities: IPv6 [true], sendfile [true], accept filters [false], random [true].
2023-04-22 15:51:27.418  INFO 532 --- [restartedMain] o.a.catalina.core.AprLifecycleListener   : APR/OpenSSL configuration: useAprConnector [false], useOpenSSL [true]
2023-04-22 15:51:27.424  INFO 532 --- [restartedMain] o.a.catalina.core.AprLifecycleListener   : OpenSSL successfully initialized [OpenSSL 3.0.8 7 Feb 2023]
2023-04-22 15:51:27.613  INFO 532 --- [restartedMain] org.apache.jasper.servlet.TldScanner     : At least one JAR was scanned for TLDs yet contained no TLDs. Enable debug logging for this logger for a complete list of JARs that were scanned but no TLDs were found in them. Skipping unneeded JARs during scanning can improve startup time and JSP compilation time.
2023-04-22 15:51:27.622  INFO 532 --- [restartedMain] o.a.c.c.C.[Tomcat].[localhost].[/]       : Initializing Spring embedded WebApplicationContext
2023-04-22 15:51:27.623  INFO 532 --- [restartedMain] o.s.web.context.ContextLoader            : Root WebApplicationContext: initialization completed in 1518 ms
2023-04-22 15:51:27.773  INFO 532 --- [restartedMain] c.a.d.s.b.a.DruidDataSourceAutoConfigure : Init DruidDataSource
2023-04-22 15:51:27.894  INFO 532 --- [restartedMain] com.alibaba.druid.pool.DruidDataSource   : {dataSource-1} inited
2023-04-22 15:51:28.474  INFO 532 --- [restartedMain] o.s.s.c.ThreadPoolTaskScheduler          : Initializing ExecutorService 'taskScheduler'
2023-04-22 15:51:28.580  INFO 532 --- [restartedMain] o.s.b.d.a.OptionalLiveReloadServer       : LiveReload server is running on port 35729
2023-04-22 15:51:28.654  INFO 532 --- [restartedMain] o.s.b.w.embedded.tomcat.TomcatWebServer  : Tomcat started on port(s): 9999 (http) with context path ''
2023-04-22 15:51:28.657  INFO 532 --- [restartedMain] com.javaclimb.houserent.Application      : Started Application in 3.047 seconds (JVM running for 4.473)
2023-04-22 15:51:28.659  INFO 532 --- [restartedMain] com.javaclimb.houserent.Application      : Verio started at http://localhost:9999
2023-04-22 15:51:30.178  INFO 532 --- [http-nio-9999-exec-2] o.a.c.c.C.[Tomcat].[localhost].[/]       : Initializing Spring DispatcherServlet 'dispatcherServlet'
2023-04-22 15:51:30.178  INFO 532 --- [http-nio-9999-exec-2] o.s.web.servlet.DispatcherServlet        : Initializing Servlet 'dispatcherServlet'
2023-04-22 15:51:30.185  INFO 532 --- [http-nio-9999-exec-2] o.s.web.servlet.DispatcherServlet        : Completed initialization in 7 ms
2023-04-22 16:10:29.867  INFO 532 --- [Thread-8] o.s.s.c.ThreadPoolTaskScheduler          : Shutting down ExecutorService 'taskScheduler'
2023-04-22 16:10:29.871  INFO 532 --- [Thread-8] com.alibaba.druid.pool.DruidDataSource   : {dataSource-1} closed
2023-04-22 16:10:32.585  INFO 14948 --- [restartedMain] com.javaclimb.houserent.Application      : Starting Application on DESKTOP-C3GB7GK with PID 14948 (F:\code\houserent\target\classes started by 17309 in F:\code\houserent)
2023-04-22 16:10:32.588  INFO 14948 --- [restartedMain] com.javaclimb.houserent.Application      : No active profile set, falling back to default profiles: default
2023-04-22 16:10:32.628  INFO 14948 --- [restartedMain] .e.DevToolsPropertyDefaultsPostProcessor : Devtools property defaults active! Set 'spring.devtools.add-properties' to 'false' to disable
2023-04-22 16:10:32.629  INFO 14948 --- [restartedMain] .e.DevToolsPropertyDefaultsPostProcessor : For additional web related logging consider setting the 'logging.level.web' property to 'DEBUG'
2023-04-22 16:10:33.053  WARN 14948 --- [restartedMain] o.m.s.mapper.ClassPathMapperScanner      : No MyBatis mapper was found in '[com.example.ssm.rental.mapper]' package. Please check your configuration.
2023-04-22 16:10:33.613  INFO 14948 --- [restartedMain] o.s.b.w.embedded.tomcat.TomcatWebServer  : Tomcat initialized with port(s): 9999 (http)
2023-04-22 16:10:33.630  INFO 14948 --- [restartedMain] o.apache.catalina.core.StandardService   : Starting service [Tomcat]
2023-04-22 16:10:33.631  INFO 14948 --- [restartedMain] org.apache.catalina.core.StandardEngine  : Starting Servlet engine: [Apache Tomcat/9.0.22]
2023-04-22 16:10:33.636  INFO 14948 --- [restartedMain] o.a.catalina.core.AprLifecycleListener   : Loaded APR based Apache Tomcat Native library [2.0.3] using APR version [1.7.2].
2023-04-22 16:10:33.636  INFO 14948 --- [restartedMain] o.a.catalina.core.AprLifecycleListener   : APR capabilities: IPv6 [true], sendfile [true], accept filters [false], random [true].
2023-04-22 16:10:33.637  INFO 14948 --- [restartedMain] o.a.catalina.core.AprLifecycleListener   : APR/OpenSSL configuration: useAprConnector [false], useOpenSSL [true]
2023-04-22 16:10:33.641  INFO 14948 --- [restartedMain] o.a.catalina.core.AprLifecycleListener   : OpenSSL successfully initialized [OpenSSL 3.0.8 7 Feb 2023]
2023-04-22 16:10:33.779  INFO 14948 --- [restartedMain] org.apache.jasper.servlet.TldScanner     : At least one JAR was scanned for TLDs yet contained no TLDs. Enable debug logging for this logger for a complete list of JARs that were scanned but no TLDs were found in them. Skipping unneeded JARs during scanning can improve startup time and JSP compilation time.
2023-04-22 16:10:33.785  INFO 14948 --- [restartedMain] o.a.c.c.C.[Tomcat].[localhost].[/]       : Initializing Spring embedded WebApplicationContext
2023-04-22 16:10:33.786  INFO 14948 --- [restartedMain] o.s.web.context.ContextLoader            : Root WebApplicationContext: initialization completed in 1157 ms
2023-04-22 16:10:33.916  INFO 14948 --- [restartedMain] c.a.d.s.b.a.DruidDataSourceAutoConfigure : Init DruidDataSource
2023-04-22 16:10:34.018  INFO 14948 --- [restartedMain] com.alibaba.druid.pool.DruidDataSource   : {dataSource-1} inited
2023-04-22 16:10:34.481  INFO 14948 --- [restartedMain] o.s.s.c.ThreadPoolTaskScheduler          : Initializing ExecutorService 'taskScheduler'
2023-04-22 16:10:34.553  INFO 14948 --- [restartedMain] o.s.b.d.a.OptionalLiveReloadServer       : LiveReload server is running on port 35729
2023-04-22 16:10:34.633  INFO 14948 --- [restartedMain] o.s.b.w.embedded.tomcat.TomcatWebServer  : Tomcat started on port(s): 9999 (http) with context path ''
2023-04-22 16:10:34.636  INFO 14948 --- [restartedMain] com.javaclimb.houserent.Application      : Started Application in 2.384 seconds (JVM running for 3.117)
2023-04-22 16:10:34.639  INFO 14948 --- [restartedMain] com.javaclimb.houserent.Application      : Verio started at http://localhost:9999
2023-04-22 16:11:06.873  INFO 14948 --- [http-nio-9999-exec-1] o.a.c.c.C.[Tomcat].[localhost].[/]       : Initializing Spring DispatcherServlet 'dispatcherServlet'
2023-04-22 16:11:06.873  INFO 14948 --- [http-nio-9999-exec-1] o.s.web.servlet.DispatcherServlet        : Initializing Servlet 'dispatcherServlet'
2023-04-22 16:11:06.880  INFO 14948 --- [http-nio-9999-exec-1] o.s.web.servlet.DispatcherServlet        : Completed initialization in 7 ms
2023-04-22 20:14:42.917  INFO 14948 --- [Thread-8] o.s.s.c.ThreadPoolTaskScheduler          : Shutting down ExecutorService 'taskScheduler'
2023-04-22 20:14:42.934  INFO 14948 --- [Thread-8] com.alibaba.druid.pool.DruidDataSource   : {dataSource-1} closed
